2025-05-17 17:43:11,675 - INFO - Reading data from data/Credit Risk Benchmark Dataset.csv
2025-05-17 17:43:11,700 - INFO - Successfully extracted 16714 rows and 11 columns
2025-05-17 17:49:06,258 - INFO - Reading data from data/Credit Risk Benchmark Dataset.csv
2025-05-17 17:49:06,284 - INFO - Successfully extracted 16714 rows and 11 columns
2025-05-17 17:49:19,201 - INFO - Reading data from data/Credit Risk Benchmark Dataset.csv
2025-05-17 17:49:19,233 - INFO - Successfully extracted 16714 rows and 11 columns
2025-05-17 17:53:52,747 - INFO - Reading data from data/Credit Risk Benchmark Dataset.csv
2025-05-17 17:53:52,790 - INFO - Successfully extracted 16714 rows and 11 columns
2025-05-17 17:54:24,648 - INFO - Reading data from data/Credit Risk Benchmark Dataset.csv
2025-05-17 17:54:24,680 - INFO - Successfully extracted 16714 rows and 11 columns
2025-05-17 17:54:50,741 - INFO - Reading data from data/Credit Risk Benchmark Dataset.csv
2025-05-17 17:54:50,770 - INFO - Successfully extracted 16714 rows and 11 columns
2025-05-17 17:55:57,800 - INFO - Reading data from data/Credit Risk Benchmark Dataset.csv
2025-05-17 17:55:57,829 - INFO - Successfully extracted 16714 rows and 11 columns
2025-05-17 17:56:12,154 - INFO - Reading data from data/Credit Risk Benchmark Dataset.csv
2025-05-17 17:56:12,186 - INFO - Successfully extracted 16714 rows and 11 columns
2025-05-17 17:56:38,787 - INFO - Reading data from data/Credit Risk Benchmark Dataset.csv
2025-05-17 17:56:38,814 - INFO - Successfully extracted 16714 rows and 11 columns
2025-05-17 17:58:21,183 - INFO - Reading data from data/Credit Risk Benchmark Dataset.csv
2025-05-17 17:58:21,210 - INFO - Successfully extracted 16714 rows and 11 columns
2025-05-17 17:58:41,764 - INFO - Reading data from data/Credit Risk Benchmark Dataset.csv
2025-05-17 17:58:41,793 - INFO - Successfully extracted 16714 rows and 11 columns
2025-05-17 17:59:18,020 - INFO - Reading data from data/Credit Risk Benchmark Dataset.csv
2025-05-17 17:59:18,051 - INFO - Successfully extracted 16714 rows and 11 columns
2025-05-17 17:59:28,385 - INFO - Reading data from data/Credit Risk Benchmark Dataset.csv
2025-05-17 17:59:28,415 - INFO - Successfully extracted 16714 rows and 11 columns
2025-05-17 18:01:44,908 - INFO - Reading data from data/Credit Risk Benchmark Dataset.csv
2025-05-17 18:01:44,942 - INFO - Successfully extracted 16714 rows and 11 columns
2025-05-17 18:03:23,431 - INFO - Reading data from data/Credit Risk Benchmark Dataset.csv
2025-05-17 18:03:23,465 - INFO - Successfully extracted 16714 rows and 11 columns
2025-05-17 18:03:23,465 - INFO - starting trnasform info
2025-05-17 18:03:23,473 - INFO - starting is null value there or not
2025-05-17 18:03:23,474 - INFO - is describe or not
2025-05-17 18:54:35,261 - INFO - Reading data from data/Credit Risk Benchmark Dataset.csv
2025-05-17 18:54:35,280 - INFO - Successfully extracted 16714 rows and 11 columns
2025-05-17 18:55:02,480 - INFO - Reading data from data/Credit Risk Benchmark Dataset.csv
2025-05-17 18:55:02,499 - INFO - Successfully extracted 16714 rows and 11 columns
2025-05-17 18:55:25,875 - INFO - Reading data from data/Credit Risk Benchmark Dataset.csv
2025-05-17 18:55:25,894 - INFO - Successfully extracted 16714 rows and 11 columns
2025-05-17 18:55:35,706 - INFO - Reading data from data/Credit Risk Benchmark Dataset.csv
2025-05-17 18:55:35,725 - INFO - Successfully extracted 16714 rows and 11 columns
2025-05-17 18:55:50,379 - INFO - Reading data from data/Credit Risk Benchmark Dataset.csv
2025-05-17 18:55:50,398 - INFO - Successfully extracted 16714 rows and 11 columns
2025-05-17 19:02:31,942 - INFO - Reading data from data/Credit Risk Benchmark Dataset.csv
2025-05-17 19:02:31,961 - INFO - Successfully extracted 16714 rows and 11 columns
2025-05-17 19:02:43,717 - INFO - Reading data from data/Credit Risk Benchmark Dataset.csv
2025-05-17 19:02:43,736 - INFO - Successfully extracted 16714 rows and 11 columns
2025-05-17 19:08:21,569 - INFO - Reading data from data/Credit Risk Benchmark Dataset.csv
2025-05-17 19:08:21,592 - INFO - Successfully extracted 16714 rows and 11 columns
2025-05-17 19:08:22,141 - INFO - Failed to extract font properties from /usr/share/fonts/truetype/noto/NotoColorEmoji.ttf: Can not load face (unknown file format; error code 0x2)
2025-05-17 19:08:22,245 - INFO - generated new fontManager
2025-05-17 19:08:57,827 - INFO - Reading data from data/Credit Risk Benchmark Dataset.csv
2025-05-17 19:08:57,853 - INFO - Successfully extracted 16714 rows and 11 columns
2025-05-17 19:09:56,012 - INFO - Reading data from data/Credit Risk Benchmark Dataset.csv
2025-05-17 19:09:56,035 - INFO - Successfully extracted 16714 rows and 11 columns
2025-05-17 19:10:05,964 - INFO - Reading data from data/Credit Risk Benchmark Dataset.csv
2025-05-17 19:10:05,981 - INFO - Successfully extracted 16714 rows and 11 columns
2025-05-17 19:10:21,989 - INFO - Reading data from data/Credit Risk Benchmark Dataset.csv
2025-05-17 19:10:22,007 - INFO - Successfully extracted 16714 rows and 11 columns
2025-05-17 19:33:53,265 - INFO - Reading data from data/Credit Risk Benchmark Dataset.csv
2025-05-17 19:33:53,285 - INFO - Successfully extracted 16714 rows and 11 columns
2025-05-17 19:34:02,121 - INFO - Reading data from data/Credit Risk Benchmark Dataset.csv
2025-05-17 19:34:02,142 - INFO - Successfully extracted 16714 rows and 11 columns
2025-05-17 19:41:18,341 - INFO - Reading data from data/Credit Risk Benchmark Dataset.csv
2025-05-17 19:41:18,363 - INFO - Successfully extracted 16714 rows and 11 columns
2025-05-17 19:41:25,536 - INFO - Reading data from data/Credit Risk Benchmark Dataset.csv
2025-05-17 19:41:25,556 - INFO - Successfully extracted 16714 rows and 11 columns
2025-05-17 19:44:33,404 - INFO - Reading data from data/Credit Risk Benchmark Dataset.csv
2025-05-17 19:44:33,426 - INFO - Successfully extracted 16714 rows and 11 columns
2025-05-17 19:44:51,840 - INFO - Reading data from data/Credit Risk Benchmark Dataset.csv
2025-05-17 19:44:51,860 - INFO - Successfully extracted 16714 rows and 11 columns
2025-05-17 19:44:58,859 - INFO - Reading data from data/Credit Risk Benchmark Dataset.csv
2025-05-17 19:44:58,881 - INFO - Successfully extracted 16714 rows and 11 columns
2025-05-17 19:45:15,788 - INFO - Reading data from data/Credit Risk Benchmark Dataset.csv
2025-05-17 19:45:15,809 - INFO - Successfully extracted 16714 rows and 11 columns
2025-05-17 19:48:44,213 - INFO - Reading data from data/Credit Risk Benchmark Dataset.csv
2025-05-17 19:48:44,233 - INFO - Successfully extracted 16714 rows and 11 columns
2025-05-18 02:08:10,716 - INFO - Reading data from data/Credit Risk Benchmark Dataset.csv
2025-05-18 02:08:10,740 - INFO - Successfully extracted 16714 rows and 11 columns
2025-05-18 02:09:16,419 - INFO - Reading data from data/Credit Risk Benchmark Dataset.csv
2025-05-18 02:09:16,443 - INFO - Successfully extracted 16714 rows and 11 columns
2025-05-18 02:09:16,443 - INFO - Reading data from data/Credit Risk Benchmark Dataset.csv
2025-05-18 02:09:16,465 - INFO - Successfully extracted 16714 rows and 11 columns
2025-05-18 02:11:30,913 - INFO - Reading data from data/Credit Risk Benchmark Dataset.csv
2025-05-18 02:11:30,937 - INFO - Successfully extracted 16714 rows and 11 columns
2025-05-18 02:11:30,938 - INFO - Reading data from data/Credit Risk Benchmark Dataset.csv
2025-05-18 02:11:30,959 - INFO - Successfully extracted 16714 rows and 11 columns
2025-05-18 02:12:58,879 - INFO - Reading data from data/Credit Risk Benchmark Dataset.csv
2025-05-18 02:12:58,905 - INFO - Successfully extracted 16714 rows and 11 columns
2025-05-18 02:12:58,906 - INFO - Reading data from data/Credit Risk Benchmark Dataset.csv
2025-05-18 02:12:58,930 - INFO - Successfully extracted 16714 rows and 11 columns
2025-05-18 02:13:40,328 - INFO - Reading data from data/Credit Risk Benchmark Dataset.csv
2025-05-18 02:13:40,352 - INFO - Successfully extracted 16714 rows and 11 columns
2025-05-18 02:13:40,353 - INFO - Reading data from data/Credit Risk Benchmark Dataset.csv
2025-05-18 02:13:40,375 - INFO - Successfully extracted 16714 rows and 11 columns
2025-05-18 02:14:23,342 - INFO - Reading data from data/Credit Risk Benchmark Dataset.csv
2025-05-18 02:14:23,369 - INFO - Successfully extracted 16714 rows and 11 columns
2025-05-18 02:14:23,370 - INFO - Reading data from data/Credit Risk Benchmark Dataset.csv
2025-05-18 02:14:23,392 - INFO - Successfully extracted 16714 rows and 11 columns
2025-05-18 02:15:07,949 - INFO - Reading data from data/Credit Risk Benchmark Dataset.csv
2025-05-18 02:15:07,975 - INFO - Successfully extracted 16714 rows and 11 columns
2025-05-18 02:15:07,976 - INFO - Reading data from data/Credit Risk Benchmark Dataset.csv
2025-05-18 02:15:07,999 - INFO - Successfully extracted 16714 rows and 11 columns
2025-05-24 10:38:43,195 - INFO - Reading data from data/Credit Risk Benchmark Dataset.csv
2025-05-24 10:38:43,230 - INFO - Successfully extracted 16714 rows and 11 columns
2025-05-24 10:38:58,008 - INFO - Reading data from data/Credit Risk Benchmark Dataset.csv
2025-05-24 10:38:58,032 - INFO - Successfully extracted 16714 rows and 11 columns
2025-05-24 10:39:38,224 - INFO - Reading data from data/Credit Risk Benchmark Dataset.csv
2025-05-24 10:39:38,248 - INFO - Successfully extracted 16714 rows and 11 columns
2025-05-24 10:39:38,250 - INFO - Reading data from data/Credit Risk Benchmark Dataset.csv
2025-05-24 10:39:38,271 - INFO - Successfully extracted 16714 rows and 11 columns
2025-05-24 10:39:59,733 - INFO - Reading data from data/Credit Risk Benchmark Dataset.csv
2025-05-24 10:39:59,757 - INFO - Successfully extracted 16714 rows and 11 columns
2025-05-24 10:39:59,758 - INFO - Reading data from data/Credit Risk Benchmark Dataset.csv
2025-05-24 10:39:59,779 - INFO - Successfully extracted 16714 rows and 11 columns
2025-05-24 10:56:24,263 - INFO - Reading data from data/Credit Risk Benchmark Dataset.csv
2025-05-24 10:56:24,288 - INFO - Successfully extracted 16714 rows and 11 columns
2025-05-24 10:56:24,289 - INFO - Reading data from data/Credit Risk Benchmark Dataset.csv
2025-05-24 10:56:24,310 - INFO - Successfully extracted 16714 rows and 11 columns
2025-05-24 11:00:04,645 - INFO - Reading data from data/Credit Risk Benchmark Dataset.csv
2025-05-24 11:00:04,670 - INFO - Successfully extracted 16714 rows and 11 columns
2025-05-24 11:00:04,672 - INFO - Reading data from data/Credit Risk Benchmark Dataset.csv
2025-05-24 11:00:04,694 - INFO - Successfully extracted 16714 rows and 11 columns
2025-05-24 11:18:35,739 - INFO - Reading data from data/Credit Risk Benchmark Dataset.csv
2025-05-24 11:18:35,763 - INFO - Successfully extracted 16714 rows and 11 columns
2025-05-24 11:18:35,764 - INFO - Reading data from data/Credit Risk Benchmark Dataset.csv
2025-05-24 11:18:35,786 - INFO - Successfully extracted 16714 rows and 11 columns
2025-05-24 11:18:58,069 - INFO - Reading data from data/Credit Risk Benchmark Dataset.csv
2025-05-24 11:18:58,093 - INFO - Successfully extracted 16714 rows and 11 columns
2025-05-24 11:18:58,094 - INFO - Reading data from data/Credit Risk Benchmark Dataset.csv
2025-05-24 11:18:58,116 - INFO - Successfully extracted 16714 rows and 11 columns
2025-05-24 11:23:06,183 - INFO - Reading data from data/Credit Risk Benchmark Dataset.csv
2025-05-24 11:23:06,213 - INFO - Successfully extracted 16714 rows and 11 columns
2025-05-24 11:23:06,215 - INFO - Reading data from data/Credit Risk Benchmark Dataset.csv
2025-05-24 11:23:06,242 - INFO - Successfully extracted 16714 rows and 11 columns
2025-05-24 11:25:58,054 - INFO - Reading data from data/Credit Risk Benchmark Dataset.csv
2025-05-24 11:25:58,078 - INFO - Successfully extracted 16714 rows and 11 columns
2025-05-24 11:26:03,680 - INFO - Reading data from data/Credit Risk Benchmark Dataset.csv
2025-05-24 11:26:03,704 - INFO - Successfully extracted 16714 rows and 11 columns
2025-05-24 11:26:09,844 - INFO - Reading data from data/Credit Risk Benchmark Dataset.csv
2025-05-24 11:26:09,868 - INFO - Successfully extracted 16714 rows and 11 columns
2025-05-24 11:26:09,870 - INFO - Reading data from data/Credit Risk Benchmark Dataset.csv
2025-05-24 11:26:09,892 - INFO - Successfully extracted 16714 rows and 11 columns
2025-05-24 11:37:04,902 - INFO - Reading data from data/Credit Risk Benchmark Dataset.csv
2025-05-24 11:37:04,926 - INFO - Successfully extracted 16714 rows and 11 columns
2025-05-24 11:37:04,927 - INFO - Reading data from data/Credit Risk Benchmark Dataset.csv
2025-05-24 11:37:04,949 - INFO - Successfully extracted 16714 rows and 11 columns
2025-05-24 11:37:53,881 - INFO - Reading data from data/Credit Risk Benchmark Dataset.csv
2025-05-24 11:37:53,905 - INFO - Successfully extracted 16714 rows and 11 columns
2025-05-24 11:37:53,907 - INFO - Reading data from data/Credit Risk Benchmark Dataset.csv
2025-05-24 11:37:53,928 - INFO - Successfully extracted 16714 rows and 11 columns
2025-05-24 11:47:06,194 - INFO - Reading data from data/Credit Risk Benchmark Dataset.csv
2025-05-24 11:47:06,221 - INFO - Successfully extracted 16714 rows and 11 columns
2025-05-24 11:47:06,222 - INFO - Reading data from data/Credit Risk Benchmark Dataset.csv
2025-05-24 11:47:06,245 - INFO - Successfully extracted 16714 rows and 11 columns
2025-05-24 11:50:19,479 - INFO - Reading data from data/Credit Risk Benchmark Dataset.csv
2025-05-24 11:50:19,514 - INFO - Successfully extracted 16714 rows and 11 columns
2025-05-24 12:06:08,090 - INFO - Reading data from data/Credit Risk Benchmark Dataset.csv
2025-05-24 12:06:08,116 - INFO - Successfully extracted 16714 rows and 11 columns
2025-05-24 12:06:08,118 - INFO - Reading data from data/Credit Risk Benchmark Dataset.csv
2025-05-24 12:06:08,140 - INFO - Successfully extracted 16714 rows and 11 columns
2025-06-09 12:57:07,432 - INFO - Reading data from data/Credit Risk Benchmark Dataset.csv
2025-06-09 12:57:07,475 - INFO - Successfully extracted 16714 rows and 11 columns
2025-06-09 12:57:13,724 - INFO - Reading data from data/Credit Risk Benchmark Dataset.csv
2025-06-09 12:57:13,748 - INFO - Successfully extracted 16714 rows and 11 columns
2025-06-09 12:57:13,750 - INFO - Reading data from data/Credit Risk Benchmark Dataset.csv
2025-06-09 12:57:13,771 - INFO - Successfully extracted 16714 rows and 11 columns
